2017/02/20 02:51:43 heroku-cli/5.6.22-f9f7585 (linux-amd64) go1.7.5 /home/ubuntu/.local/share/heroku/cli/bin/heroku cmd: version
2017/02/20 02:51:43 triggering background update
2017/02/20 02:51:43 heroku-cli/5.6.22-f9f7585 (linux-amd64) go1.7.5 /home/ubuntu/.local/share/heroku/cli/bin/heroku cmd: update
2017/02/20 02:51:43 heroku-cli/5.6.22-f9f7585 (linux-amd64) go1.7.5 /home/ubuntu/.local/share/heroku/cli/bin/heroku cmd: commands
2017/02/20 02:51:43 heroku-cli: Updating plugins...
2017/02/20 02:51:43  done
2017/03/04 15:59:42 heroku-cli/5.6.22-f9f7585 (linux-amd64) go1.7.5 /home/ubuntu/.local/share/heroku/cli/bin/heroku cmd: version
2017/03/04 15:59:42 triggering background update
2017/03/04 15:59:42 heroku-cli/5.6.22-f9f7585 (linux-amd64) go1.7.5 /home/ubuntu/.local/share/heroku/cli/bin/heroku cmd: update
2017/03/04 15:59:42 heroku-cli/5.6.22-f9f7585 (linux-amd64) go1.7.5 /home/ubuntu/.local/share/heroku/cli/bin/heroku cmd: commands
2017/03/04 15:59:42 heroku-cli: Updating to 5.6.29-ac5c0de...
2017/03/04 15:59:56  ▸    rename /home/ubuntu/.local/share/heroku/cli /home/ubuntu/.local/share/heroku/tmp/216895354/heroku: invalid cross-device link
2017/03/04 15:59:56 rename /home/ubuntu/.local/share/heroku/cli /home/ubuntu/.local/share/heroku/tmp/216895354/heroku: invalid cross-device link

/home/ubuntu/.go_workspace/src/github.com/heroku/cli/io.go:328 (0x415730)
/usr/local/go/src/runtime/asm_amd64.s:479 (0x47eaac)
/usr/local/go/src/runtime/panic.go:458 (0x451353)
/home/ubuntu/.go_workspace/src/github.com/heroku/cli/io.go:184 (0x41485c)
/home/ubuntu/.go_workspace/src/github.com/heroku/cli/update.go:110 (0x4206cf)
/home/ubuntu/.go_workspace/src/github.com/heroku/cli/update.go:73 (0x41fc0b)
/home/ubuntu/.go_workspace/src/github.com/heroku/cli/update.go:50 (0x41f98e)
/home/ubuntu/.go_workspace/src/github.com/heroku/cli/update.go:33 (0x4244aa)
/home/ubuntu/.go_workspace/src/github.com/heroku/cli/start.go:70 (0x41ddde)
/home/ubuntu/.go_workspace/src/github.com/heroku/cli/main.go:22 (0x41656a)
/usr/local/go/src/runtime/proc.go:183 (0x453024)
/usr/local/go/src/runtime/asm_amd64.s:2086 (0x4815f1)

2017/03/06 16:41:36 heroku-cli/5.6.29-ac5c0de (linux-amd64) go1.7.5 /home/ubuntu/.local/share/heroku/cli/bin/heroku cmd: version
2017/03/06 16:41:36 triggering background update
2017/03/06 16:41:36 heroku-cli/5.6.29-ac5c0de (linux-amd64) go1.7.5 /home/ubuntu/.local/share/heroku/cli/bin/heroku cmd: update
2017/03/06 16:41:36 heroku-cli/5.6.29-ac5c0de (linux-amd64) go1.7.5 /home/ubuntu/.local/share/heroku/cli/bin/heroku cmd: dashboard
2017/03/06 16:41:36 Email: 
2017/03/06 16:41:36 heroku-cli: Updating plugins...
2017/03/06 16:41:36  done
2017/03/06 16:41:36 removing old tmp: /home/ubuntu/.local/share/heroku/tmp/216895354
2017/03/06 16:41:36 removing old tmp: /home/ubuntu/.local/share/heroku/tmp/291972295
2017/03/06 16:41:36 removing old tmp: /home/ubuntu/.local/share/heroku/tmp/979316488
2017/03/06 16:42:53  ▸    Authentication failed.
 ▸    Email or password is not valid.
 ▸    Check your credentials on https://dashboard.heroku.com
2017/03/06 16:42:58 heroku-cli/5.6.29-ac5c0de (linux-amd64) go1.7.5 /home/ubuntu/.local/share/heroku/cli/bin/heroku cmd: version
2017/03/06 16:42:58 heroku-cli/5.6.29-ac5c0de (linux-amd64) go1.7.5 /home/ubuntu/.local/share/heroku/cli/bin/heroku cmd: dashboard
2017/03/06 16:42:58 Email: 
2017/03/06 16:44:06 heroku-cli/5.6.29-ac5c0de (linux-amd64) go1.7.5 /home/ubuntu/.local/share/heroku/cli/bin/heroku cmd: version
2017/03/06 16:44:06 heroku-cli/5.6.29-ac5c0de (linux-amd64) go1.7.5 /home/ubuntu/.local/share/heroku/cli/bin/heroku cmd: commands
2017/03/06 16:44:06 heroku-cli/5.6.29-ac5c0de (linux-amd64) go1.7.5 /home/ubuntu/.local/share/heroku/cli/bin/heroku cmd: create
2017/03/06 16:47:17 heroku-cli/5.6.29-ac5c0de (linux-amd64) go1.7.5 /home/ubuntu/.local/share/heroku/cli/bin/heroku cmd: version
2017/03/06 16:47:17 heroku-cli/5.6.29-ac5c0de (linux-amd64) go1.7.5 /home/ubuntu/.local/share/heroku/cli/bin/heroku cmd: commands
2017/03/06 16:47:17 heroku-cli/5.6.29-ac5c0de (linux-amd64) go1.7.5 /home/ubuntu/.local/share/heroku/cli/bin/heroku cmd: keys:add
2017/03/06 16:52:08 heroku-cli/5.6.29-ac5c0de (linux-amd64) go1.7.5 /home/ubuntu/.local/share/heroku/cli/bin/heroku cmd: version
2017/03/06 16:52:08 heroku-cli/5.6.29-ac5c0de (linux-amd64) go1.7.5 /home/ubuntu/.local/share/heroku/cli/bin/heroku cmd: commands
2017/03/06 16:52:08 heroku-cli/5.6.29-ac5c0de (linux-amd64) go1.7.5 /home/ubuntu/.local/share/heroku/cli/bin/heroku cmd: rename
2017/03/06 16:52:08  ▸    Error: No app specified
 ▸    Usage: heroku rename NEWNAME --app APP
 ▸    We don't know which app to run this on.
 ▸    Run this command from inside an app folder or specify which app to use with --app APP
 ▸    
 ▸    https://devcenter.heroku.com/articles/using-the-cli#app-commands
